<?xml version="1.0" encoding="UTF-8"?>
<coverage generated="1617709796625" clover="3.2.0">
  <project timestamp="1617709796625" name="All files">
    <metrics statements="17" coveredstatements="15" conditionals="10" coveredconditionals="8" methods="4" coveredmethods="3" elements="31" coveredelements="26" complexity="0" loc="17" ncloc="17" packages="3" files="7" classes="7"/>
    <package name="components">
      <metrics statements="14" coveredstatements="12" conditionals="6" coveredconditionals="4" methods="3" coveredmethods="2"/>
      <file name="Button.js" path="/Users/nguyen.thi.huec/Documents/hue/react-native-base/src/components/Button.js">
        <metrics statements="5" coveredstatements="5" conditionals="0" coveredconditionals="0" methods="1" coveredmethods="1"/>
        <line num="10" count="2" type="stmt"/>
        <line num="11" count="2" type="stmt"/>
        <line num="13" count="2" type="stmt"/>
        <line num="24" count="2" type="stmt"/>
        <line num="31" count="2" type="stmt"/>
      </file>
      <file name="LoadingIndicator.js" path="/Users/nguyen.thi.huec/Documents/hue/react-native-base/src/components/LoadingIndicator.js">
        <metrics statements="4" coveredstatements="4" conditionals="6" coveredconditionals="4" methods="1" coveredmethods="1"/>
        <line num="11" count="1" type="stmt"/>
        <line num="13" count="1" type="cond" truecount="3" falsecount="1"/>
        <line num="14" count="1" type="cond" truecount="1" falsecount="1"/>
        <line num="16" count="1" type="stmt"/>
      </file>
      <file name="TextInputForm.js" path="/Users/nguyen.thi.huec/Documents/hue/react-native-base/src/components/TextInputForm.js">
        <metrics statements="5" coveredstatements="3" conditionals="0" coveredconditionals="0" methods="1" coveredmethods="0"/>
        <line num="10" count="2" type="stmt"/>
        <line num="11" count="0" type="stmt"/>
        <line num="13" count="0" type="stmt"/>
        <line num="25" count="2" type="stmt"/>
        <line num="31" count="2" type="stmt"/>
      </file>
      <file name="index.js" path="/Users/nguyen.thi.huec/Documents/hue/react-native-base/src/components/index.js">
        <metrics statements="0" coveredstatements="0" conditionals="0" coveredconditionals="0" methods="0" coveredmethods="0"/>
      </file>
    </package>
    <package name="styles">
      <metrics statements="0" coveredstatements="0" conditionals="0" coveredconditionals="0" methods="0" coveredmethods="0"/>
      <file name="colors.js" path="/Users/nguyen.thi.huec/Documents/hue/react-native-base/src/styles/colors.js">
        <metrics statements="0" coveredstatements="0" conditionals="0" coveredconditionals="0" methods="0" coveredmethods="0"/>
      </file>
      <file name="styles.js" path="/Users/nguyen.thi.huec/Documents/hue/react-native-base/src/styles/styles.js">
        <metrics statements="0" coveredstatements="0" conditionals="0" coveredconditionals="0" methods="0" coveredmethods="0"/>
      </file>
    </package>
    <package name="utils">
      <metrics statements="3" coveredstatements="3" conditionals="4" coveredconditionals="4" methods="1" coveredmethods="1"/>
      <file name="Helper.js" path="/Users/nguyen.thi.huec/Documents/hue/react-native-base/src/utils/Helper.js">
        <metrics statements="3" coveredstatements="3" conditionals="4" coveredconditionals="4" methods="1" coveredmethods="1"/>
        <line num="3" count="1" type="stmt"/>
        <line num="4" count="3" type="cond" truecount="2" falsecount="0"/>
        <line num="6" count="2" type="cond" truecount="2" falsecount="0"/>
      </file>
    </package>
  </project>
</coverage>
