{"/Users/nguyen.thi.huec/Documents/hue/react-native-base/src/components/Button.js": {"path":"/Users/nguyen.thi.huec/Documents/hue/react-native-base/src/components/Button.js","statementMap":{"0":{"start":{"line":10,"column":15},"end":{"line":24,"column":1}},"1":{"start":{"line":11,"column":36},"end":{"line":11,"column":41}},"2":{"start":{"line":13,"column":24},"end":{"line":15,"column":3}},"3":{"start":{"line":14,"column":4},"end":{"line":14,"column":24}},"4":{"start":{"line":17,"column":2},"end":{"line":23,"column":3}},"5":{"start":{"line":26,"column":0},"end":{"line":31,"column":1}},"6":{"start":{"line":33,"column":15},"end":{"line":44,"column":2}}},"fnMap":{"0":{"name":"(anonymous_0)","decl":{"start":{"line":10,"column":15},"end":{"line":10,"column":16}},"loc":{"start":{"line":10,"column":24},"end":{"line":24,"column":1}},"line":10},"1":{"name":"(anonymous_1)","decl":{"start":{"line":13,"column":24},"end":{"line":13,"column":25}},"loc":{"start":{"line":13,"column":30},"end":{"line":15,"column":3}},"line":13}},"branchMap":{"0":{"loc":{"start":{"line":14,"column":4},"end":{"line":14,"column":24}},"type":"binary-expr","locations":[{"start":{"line":14,"column":4},"end":{"line":14,"column":11}},{"start":{"line":14,"column":15},"end":{"line":14,"column":24}}],"line":14}},"s":{"0":2,"1":3,"2":3,"3":1,"4":3,"5":2,"6":2},"f":{"0":3,"1":1},"b":{"0":[1,1]},"_coverageSchema":"1a1c01bbd47fc00a2c39e90264f33305004495a9","hash":"1c2cd306054a3bd028329951c6b51d07a48dcf51"}
,"/Users/nguyen.thi.huec/Documents/hue/react-native-base/src/components/LoadingIndicator.js": {"path":"/Users/nguyen.thi.huec/Documents/hue/react-native-base/src/components/LoadingIndicator.js","statementMap":{"0":{"start":{"line":11,"column":38},"end":{"line":11,"column":43}},"1":{"start":{"line":13,"column":16},"end":{"line":13,"column":86}},"2":{"start":{"line":14,"column":16},"end":{"line":14,"column":105}},"3":{"start":{"line":16,"column":2},"end":{"line":24,"column":3}}},"fnMap":{"0":{"name":"(anonymous_0)","decl":{"start":{"line":10,"column":34},"end":{"line":10,"column":35}},"loc":{"start":{"line":10,"column":43},"end":{"line":25,"column":1}},"line":10}},"branchMap":{"0":{"loc":{"start":{"line":13,"column":16},"end":{"line":13,"column":86}},"type":"binary-expr","locations":[{"start":{"line":13,"column":16},"end":{"line":13,"column":37}},{"start":{"line":13,"column":42},"end":{"line":13,"column":85}}],"line":13},"1":{"loc":{"start":{"line":13,"column":42},"end":{"line":13,"column":85}},"type":"cond-expr","locations":[{"start":{"line":13,"column":66},"end":{"line":13,"column":70}},{"start":{"line":13,"column":73},"end":{"line":13,"column":85}}],"line":13},"2":{"loc":{"start":{"line":14,"column":16},"end":{"line":14,"column":105}},"type":"cond-expr","locations":[{"start":{"line":14,"column":25},"end":{"line":14,"column":88}},{"start":{"line":14,"column":91},"end":{"line":14,"column":105}}],"line":14}},"s":{"0":1,"1":1,"2":1,"3":1},"f":{"0":1},"b":{"0":[1,1],"1":[1,0],"2":[0,1]},"_coverageSchema":"1a1c01bbd47fc00a2c39e90264f33305004495a9","hash":"a7e85919cb1233f5a1132cf7619b529bea9d20a1"}
,"/Users/nguyen.thi.huec/Documents/hue/react-native-base/src/components/TextInputForm.js": {"path":"/Users/nguyen.thi.huec/Documents/hue/react-native-base/src/components/TextInputForm.js","statementMap":{"0":{"start":{"line":10,"column":22},"end":{"line":23,"column":1}},"1":{"start":{"line":11,"column":41},"end":{"line":11,"column":46}},"2":{"start":{"line":13,"column":2},"end":{"line":22,"column":3}},"3":{"start":{"line":25,"column":0},"end":{"line":29,"column":1}},"4":{"start":{"line":31,"column":15},"end":{"line":42,"column":2}}},"fnMap":{"0":{"name":"(anonymous_0)","decl":{"start":{"line":10,"column":22},"end":{"line":10,"column":23}},"loc":{"start":{"line":10,"column":31},"end":{"line":23,"column":1}},"line":10}},"branchMap":{},"s":{"0":2,"1":0,"2":0,"3":2,"4":2},"f":{"0":0},"b":{},"_coverageSchema":"1a1c01bbd47fc00a2c39e90264f33305004495a9","hash":"ec8b7fa2e5b447834482b5da4a294371a4e100b1"}
,"/Users/nguyen.thi.huec/Documents/hue/react-native-base/src/components/index.js": {"path":"/Users/nguyen.thi.huec/Documents/hue/react-native-base/src/components/index.js","statementMap":{},"fnMap":{},"branchMap":{},"s":{},"f":{},"b":{},"_coverageSchema":"1a1c01bbd47fc00a2c39e90264f33305004495a9","hash":"6834d8574cedb62cba82bc23bf8c12cd4b6af57a"}
,"/Users/nguyen.thi.huec/Documents/hue/react-native-base/src/stores/DataManager.js": {"path":"/Users/nguyen.thi.huec/Documents/hue/react-native-base/src/stores/DataManager.js","statementMap":{"0":{"start":{"line":3,"column":19},"end":{"line":3,"column":26}},"1":{"start":{"line":5,"column":25},"end":{"line":18,"column":1}},"2":{"start":{"line":6,"column":18},"end":{"line":6,"column":39}},"3":{"start":{"line":8,"column":2},"end":{"line":17,"column":3}},"4":{"start":{"line":9,"column":4},"end":{"line":13,"column":5}},"5":{"start":{"line":10,"column":6},"end":{"line":10,"column":48}},"6":{"start":{"line":12,"column":6},"end":{"line":12,"column":44}},"7":{"start":{"line":14,"column":4},"end":{"line":14,"column":32}},"8":{"start":{"line":16,"column":4},"end":{"line":16,"column":32}},"9":{"start":{"line":20,"column":24},"end":{"line":33,"column":1}},"10":{"start":{"line":21,"column":18},"end":{"line":21,"column":39}},"11":{"start":{"line":22,"column":14},"end":{"line":22,"column":18}},"12":{"start":{"line":24,"column":2},"end":{"line":30,"column":3}},"13":{"start":{"line":25,"column":4},"end":{"line":25,"column":47}},"14":{"start":{"line":26,"column":4},"end":{"line":28,"column":5}},"15":{"start":{"line":27,"column":6},"end":{"line":27,"column":35}},"16":{"start":{"line":32,"column":2},"end":{"line":32,"column":30}}},"fnMap":{"0":{"name":"(anonymous_0)","decl":{"start":{"line":5,"column":25},"end":{"line":5,"column":26}},"loc":{"start":{"line":5,"column":47},"end":{"line":18,"column":1}},"line":5},"1":{"name":"(anonymous_1)","decl":{"start":{"line":20,"column":24},"end":{"line":20,"column":25}},"loc":{"start":{"line":20,"column":39},"end":{"line":33,"column":1}},"line":20}},"branchMap":{"0":{"loc":{"start":{"line":9,"column":4},"end":{"line":13,"column":5}},"type":"if","locations":[{"start":{"line":9,"column":4},"end":{"line":13,"column":5}},{"start":{"line":9,"column":4},"end":{"line":13,"column":5}}],"line":9},"1":{"loc":{"start":{"line":26,"column":4},"end":{"line":28,"column":5}},"type":"if","locations":[{"start":{"line":26,"column":4},"end":{"line":28,"column":5}},{"start":{"line":26,"column":4},"end":{"line":28,"column":5}}],"line":26}},"s":{"0":1,"1":1,"2":2,"3":2,"4":2,"5":1,"6":1,"7":2,"8":0,"9":1,"10":2,"11":2,"12":2,"13":2,"14":2,"15":1,"16":1},"f":{"0":2,"1":2},"b":{"0":[1,1],"1":[1,1]},"_coverageSchema":"1a1c01bbd47fc00a2c39e90264f33305004495a9","hash":"92047f636053a7a302ed2a8d102ab562d139e346"}
,"/Users/nguyen.thi.huec/Documents/hue/react-native-base/src/styles/colors.js": {"path":"/Users/nguyen.thi.huec/Documents/hue/react-native-base/src/styles/colors.js","statementMap":{},"fnMap":{},"branchMap":{},"s":{},"f":{},"b":{},"_coverageSchema":"1a1c01bbd47fc00a2c39e90264f33305004495a9","hash":"1bf00496181a9a2faf5c1e9d5fc12a52d5ed30f9"}
,"/Users/nguyen.thi.huec/Documents/hue/react-native-base/src/styles/styles.js": {"path":"/Users/nguyen.thi.huec/Documents/hue/react-native-base/src/styles/styles.js","statementMap":{},"fnMap":{},"branchMap":{},"s":{},"f":{},"b":{},"_coverageSchema":"1a1c01bbd47fc00a2c39e90264f33305004495a9","hash":"1c32738a9a81d9e85128ed8e104a3fd80cd7ce4a"}
,"/Users/nguyen.thi.huec/Documents/hue/react-native-base/src/utils/Helper.js": {"path":"/Users/nguyen.thi.huec/Documents/hue/react-native-base/src/utils/Helper.js","statementMap":{"0":{"start":{"line":3,"column":34},"end":{"line":7,"column":1}},"1":{"start":{"line":4,"column":2},"end":{"line":4,"column":40}},"2":{"start":{"line":4,"column":20},"end":{"line":4,"column":40}},"3":{"start":{"line":6,"column":2},"end":{"line":6,"column":52}}},"fnMap":{"0":{"name":"(anonymous_0)","decl":{"start":{"line":3,"column":34},"end":{"line":3,"column":35}},"loc":{"start":{"line":3,"column":43},"end":{"line":7,"column":1}},"line":3}},"branchMap":{"0":{"loc":{"start":{"line":4,"column":2},"end":{"line":4,"column":40}},"type":"if","locations":[{"start":{"line":4,"column":2},"end":{"line":4,"column":40}},{"start":{"line":4,"column":2},"end":{"line":4,"column":40}}],"line":4},"1":{"loc":{"start":{"line":6,"column":9},"end":{"line":6,"column":52}},"type":"cond-expr","locations":[{"start":{"line":6,"column":27},"end":{"line":6,"column":37}},{"start":{"line":6,"column":40},"end":{"line":6,"column":52}}],"line":6}},"s":{"0":1,"1":3,"2":1,"3":2},"f":{"0":3},"b":{"0":[1,2],"1":[1,1]},"_coverageSchema":"1a1c01bbd47fc00a2c39e90264f33305004495a9","hash":"690d2d1ccba476e64c9277bae82f480a8a34d058"}
,"/Users/nguyen.thi.huec/Documents/hue/react-native-base/src/utils/ValidateHelper.js": {"path":"/Users/nguyen.thi.huec/Documents/hue/react-native-base/src/utils/ValidateHelper.js","statementMap":{"0":{"start":{"line":1,"column":30},"end":{"line":4,"column":1}},"1":{"start":{"line":2,"column":14},"end":{"line":2,"column":22}},"2":{"start":{"line":3,"column":2},"end":{"line":3,"column":24}}},"fnMap":{"0":{"name":"(anonymous_0)","decl":{"start":{"line":1,"column":30},"end":{"line":1,"column":31}},"loc":{"start":{"line":1,"column":39},"end":{"line":4,"column":1}},"line":1}},"branchMap":{},"s":{"0":1,"1":3,"2":3},"f":{"0":3},"b":{},"_coverageSchema":"1a1c01bbd47fc00a2c39e90264f33305004495a9","hash":"fec4bdecbe9a02753a1109f4265647f2adb88020"}
}
