{"/Users/nguyen.thi.huec/Documents/hue/react-native-base/src/components/Button.js": {"path":"/Users/nguyen.thi.huec/Documents/hue/react-native-base/src/components/Button.js","statementMap":{"0":{"start":{"line":10,"column":15},"end":{"line":22,"column":1}},"1":{"start":{"line":11,"column":36},"end":{"line":11,"column":41}},"2":{"start":{"line":13,"column":2},"end":{"line":21,"column":3}},"3":{"start":{"line":24,"column":0},"end":{"line":29,"column":1}},"4":{"start":{"line":31,"column":15},"end":{"line":42,"column":2}}},"fnMap":{"0":{"name":"(anonymous_0)","decl":{"start":{"line":10,"column":15},"end":{"line":10,"column":16}},"loc":{"start":{"line":10,"column":24},"end":{"line":22,"column":1}},"line":10}},"branchMap":{},"s":{"0":2,"1":2,"2":2,"3":2,"4":2},"f":{"0":2},"b":{},"_coverageSchema":"1a1c01bbd47fc00a2c39e90264f33305004495a9","hash":"486aea24e848ad28de554da9e6010294f74e535d"}
,"/Users/nguyen.thi.huec/Documents/hue/react-native-base/src/components/LoadingIndicator.js": {"path":"/Users/nguyen.thi.huec/Documents/hue/react-native-base/src/components/LoadingIndicator.js","statementMap":{"0":{"start":{"line":11,"column":38},"end":{"line":11,"column":43}},"1":{"start":{"line":13,"column":16},"end":{"line":13,"column":86}},"2":{"start":{"line":14,"column":16},"end":{"line":14,"column":105}},"3":{"start":{"line":16,"column":2},"end":{"line":24,"column":3}}},"fnMap":{"0":{"name":"(anonymous_0)","decl":{"start":{"line":10,"column":34},"end":{"line":10,"column":35}},"loc":{"start":{"line":10,"column":43},"end":{"line":25,"column":1}},"line":10}},"branchMap":{"0":{"loc":{"start":{"line":13,"column":16},"end":{"line":13,"column":86}},"type":"binary-expr","locations":[{"start":{"line":13,"column":16},"end":{"line":13,"column":37}},{"start":{"line":13,"column":42},"end":{"line":13,"column":85}}],"line":13},"1":{"loc":{"start":{"line":13,"column":42},"end":{"line":13,"column":85}},"type":"cond-expr","locations":[{"start":{"line":13,"column":66},"end":{"line":13,"column":70}},{"start":{"line":13,"column":73},"end":{"line":13,"column":85}}],"line":13},"2":{"loc":{"start":{"line":14,"column":16},"end":{"line":14,"column":105}},"type":"cond-expr","locations":[{"start":{"line":14,"column":25},"end":{"line":14,"column":88}},{"start":{"line":14,"column":91},"end":{"line":14,"column":105}}],"line":14}},"s":{"0":1,"1":1,"2":1,"3":1},"f":{"0":1},"b":{"0":[1,1],"1":[1,0],"2":[0,1]},"_coverageSchema":"1a1c01bbd47fc00a2c39e90264f33305004495a9","hash":"a7e85919cb1233f5a1132cf7619b529bea9d20a1"}
,"/Users/nguyen.thi.huec/Documents/hue/react-native-base/src/components/TextInputForm.js": {"path":"/Users/nguyen.thi.huec/Documents/hue/react-native-base/src/components/TextInputForm.js","statementMap":{"0":{"start":{"line":10,"column":22},"end":{"line":23,"column":1}},"1":{"start":{"line":11,"column":41},"end":{"line":11,"column":46}},"2":{"start":{"line":13,"column":2},"end":{"line":22,"column":3}},"3":{"start":{"line":25,"column":0},"end":{"line":29,"column":1}},"4":{"start":{"line":31,"column":15},"end":{"line":42,"column":2}}},"fnMap":{"0":{"name":"(anonymous_0)","decl":{"start":{"line":10,"column":22},"end":{"line":10,"column":23}},"loc":{"start":{"line":10,"column":31},"end":{"line":23,"column":1}},"line":10}},"branchMap":{},"s":{"0":2,"1":0,"2":0,"3":2,"4":2},"f":{"0":0},"b":{},"_coverageSchema":"1a1c01bbd47fc00a2c39e90264f33305004495a9","hash":"ec8b7fa2e5b447834482b5da4a294371a4e100b1"}
,"/Users/nguyen.thi.huec/Documents/hue/react-native-base/src/components/index.js": {"path":"/Users/nguyen.thi.huec/Documents/hue/react-native-base/src/components/index.js","statementMap":{},"fnMap":{},"branchMap":{},"s":{},"f":{},"b":{},"_coverageSchema":"1a1c01bbd47fc00a2c39e90264f33305004495a9","hash":"6834d8574cedb62cba82bc23bf8c12cd4b6af57a"}
,"/Users/nguyen.thi.huec/Documents/hue/react-native-base/src/styles/colors.js": {"path":"/Users/nguyen.thi.huec/Documents/hue/react-native-base/src/styles/colors.js","statementMap":{},"fnMap":{},"branchMap":{},"s":{},"f":{},"b":{},"_coverageSchema":"1a1c01bbd47fc00a2c39e90264f33305004495a9","hash":"1bf00496181a9a2faf5c1e9d5fc12a52d5ed30f9"}
,"/Users/nguyen.thi.huec/Documents/hue/react-native-base/src/styles/styles.js": {"path":"/Users/nguyen.thi.huec/Documents/hue/react-native-base/src/styles/styles.js","statementMap":{},"fnMap":{},"branchMap":{},"s":{},"f":{},"b":{},"_coverageSchema":"1a1c01bbd47fc00a2c39e90264f33305004495a9","hash":"1c32738a9a81d9e85128ed8e104a3fd80cd7ce4a"}
,"/Users/nguyen.thi.huec/Documents/hue/react-native-base/src/utils/Helper.js": {"path":"/Users/nguyen.thi.huec/Documents/hue/react-native-base/src/utils/Helper.js","statementMap":{"0":{"start":{"line":3,"column":34},"end":{"line":7,"column":1}},"1":{"start":{"line":4,"column":2},"end":{"line":4,"column":40}},"2":{"start":{"line":4,"column":20},"end":{"line":4,"column":40}},"3":{"start":{"line":6,"column":2},"end":{"line":6,"column":52}}},"fnMap":{"0":{"name":"(anonymous_0)","decl":{"start":{"line":3,"column":34},"end":{"line":3,"column":35}},"loc":{"start":{"line":3,"column":43},"end":{"line":7,"column":1}},"line":3}},"branchMap":{"0":{"loc":{"start":{"line":4,"column":2},"end":{"line":4,"column":40}},"type":"if","locations":[{"start":{"line":4,"column":2},"end":{"line":4,"column":40}},{"start":{"line":4,"column":2},"end":{"line":4,"column":40}}],"line":4},"1":{"loc":{"start":{"line":6,"column":9},"end":{"line":6,"column":52}},"type":"cond-expr","locations":[{"start":{"line":6,"column":27},"end":{"line":6,"column":37}},{"start":{"line":6,"column":40},"end":{"line":6,"column":52}}],"line":6}},"s":{"0":1,"1":3,"2":1,"3":2},"f":{"0":3},"b":{"0":[1,2],"1":[1,1]},"_coverageSchema":"1a1c01bbd47fc00a2c39e90264f33305004495a9","hash":"690d2d1ccba476e64c9277bae82f480a8a34d058"}
}
