TN:
SF:src/components/Button.js
FN:10,(anonymous_0)
FN:13,(anonymous_1)
FNF:2
FNH:2
FNDA:3,(anonymous_0)
FNDA:1,(anonymous_1)
DA:10,2
DA:11,3
DA:13,3
DA:14,1
DA:17,3
DA:26,2
DA:33,2
LF:7
LH:7
BRDA:14,0,0,1
BRDA:14,0,1,1
BRF:2
BRH:2
end_of_record
TN:
SF:src/components/LoadingIndicator.js
FN:10,(anonymous_0)
FNF:1
FNH:1
FNDA:1,(anonymous_0)
DA:11,1
DA:13,1
DA:14,1
DA:16,1
LF:4
LH:4
BRDA:13,0,0,1
BRDA:13,0,1,1
BRDA:13,1,0,1
BRDA:13,1,1,0
BRDA:14,2,0,0
BRDA:14,2,1,1
BRF:6
BRH:4
end_of_record
TN:
SF:src/components/TextInputForm.js
FN:10,(anonymous_0)
FNF:1
FNH:0
FNDA:0,(anonymous_0)
DA:10,2
DA:11,0
DA:13,0
DA:25,2
DA:31,2
LF:5
LH:3
BRF:0
BRH:0
end_of_record
TN:
SF:src/components/index.js
FNF:0
FNH:0
LF:0
LH:0
BRF:0
BRH:0
end_of_record
TN:
SF:src/stores/DataManager.js
FN:5,(anonymous_0)
FN:20,(anonymous_1)
FNF:2
FNH:2
FNDA:2,(anonymous_0)
FNDA:2,(anonymous_1)
DA:3,1
DA:5,1
DA:6,2
DA:8,2
DA:9,2
DA:10,1
DA:12,1
DA:14,2
DA:16,0
DA:20,1
DA:21,2
DA:22,2
DA:24,2
DA:25,2
DA:26,2
DA:27,1
DA:32,1
LF:17
LH:16
BRDA:9,0,0,1
BRDA:9,0,1,1
BRDA:26,1,0,1
BRDA:26,1,1,1
BRF:4
BRH:4
end_of_record
TN:
SF:src/styles/colors.js
FNF:0
FNH:0
LF:0
LH:0
BRF:0
BRH:0
end_of_record
TN:
SF:src/styles/styles.js
FNF:0
FNH:0
LF:0
LH:0
BRF:0
BRH:0
end_of_record
TN:
SF:src/utils/Helper.js
FN:3,(anonymous_0)
FNF:1
FNH:1
FNDA:3,(anonymous_0)
DA:3,1
DA:4,3
DA:6,2
LF:3
LH:3
BRDA:4,0,0,1
BRDA:4,0,1,2
BRDA:6,1,0,1
BRDA:6,1,1,1
BRF:4
BRH:4
end_of_record
TN:
SF:src/utils/ValidateHelper.js
FN:1,(anonymous_0)
FNF:1
FNH:1
FNDA:3,(anonymous_0)
DA:1,1
DA:2,3
DA:3,3
LF:3
LH:3
BRF:0
BRH:0
end_of_record
